<?xml version='1.0' encoding='UTF-8'?>
<testsuite hostname="tars" name="com.simplaex.MessageConsumerTest" tests="4" errors="0" failures="0" skipped="0" time="0.218" timestamp="2019-06-11T14:02:01">
                     <properties>
[...]
</properties>
                     <testcase classname="com.simplaex.MessageConsumerTest" name="Incomming elements should transform" time="0.179">
                                                 
                                               </testcase><testcase classname="com.simplaex.MessageConsumerTest" name="Incomming elements should sum of data point 5 overall" time="0.014">
                                                 
                                               </testcase><testcase classname="com.simplaex.MessageConsumerTest" name="Incomming elements should return number of unique users" time="0.011">
                                                 
                                               </testcase><testcase classname="com.simplaex.MessageConsumerTest" name="Incomming elements should return UUID, average of float and recent data point 4" time="0.014">
                                                 
                                               </testcase>
                     <system-out><![CDATA[]]></system-out>
                     <system-err><![CDATA[]]></system-err>
                   </testsuite>